\BOOKMARK [0][-]{chapter.1}{\376\377\176\352\000\040\213\272}{}% 1
\BOOKMARK [1][-]{section.1.1}{\376\377\170\024\172\166\200\314\146\157\123\312\141\017\116\111}{chapter.1}% 2
\BOOKMARK [1][-]{section.1.2}{\376\377\126\375\121\205\131\026\170\024\172\166\163\260\162\266}{chapter.1}% 3
\BOOKMARK [1][-]{section.1.3}{\376\377\147\054\145\207\135\345\117\134\123\312\116\073\211\201\215\041\163\056}{chapter.1}% 4
\BOOKMARK [1][-]{section.1.4}{\376\377\145\207\172\340\176\304\176\307\150\106\147\266}{chapter.1}% 5
\BOOKMARK [0][-]{chapter.2}{\376\377\230\204\131\007\167\345\213\306}{}% 6
\BOOKMARK [1][-]{section.2.1}{\376\377\116\244\220\032\135\345\172\013\166\370\121\163\164\006\213\272}{chapter.2}% 7
\BOOKMARK [2][-]{subsection.2.1.1}{\376\377\231\161\124\214\155\101\221\317\116\016\231\161\124\214\155\101\163\207}{section.2.1}% 8
\BOOKMARK [2][-]{subsection.2.1.2}{\376\377\117\341\123\367\166\370\117\115}{section.2.1}% 9
\BOOKMARK [2][-]{subsection.2.1.3}{\376\377\176\377\154\342\136\046}{section.2.1}% 10
\BOOKMARK [1][-]{section.2.2}{\376\377\000K\127\107\120\074\200\132\174\173\173\227\154\325}{chapter.2}% 11
\BOOKMARK [1][-]{section.2.3}{\376\377\116\214\153\041\211\304\122\022}{chapter.2}% 12
\BOOKMARK [1][-]{section.2.4}{\376\377\147\054\172\340\134\017\176\323}{chapter.2}% 13
\BOOKMARK [0][-]{chapter.3}{\376\377\227\142\124\021\136\224\140\045\217\146\217\206\166\204\040\034\176\377\154\342\136\046\040\035\152\041\127\213}{}% 14
\BOOKMARK [1][-]{section.3.1}{\376\377\040\034\176\377\154\342\136\046\040\035\152\041\127\213}{chapter.3}% 15
\BOOKMARK [1][-]{section.3.2}{\376\377\174\373\176\337\147\266\147\204}{chapter.3}% 16
\BOOKMARK [1][-]{section.3.3}{\376\377\173\227\154\325\143\317\217\360}{chapter.3}% 17
\BOOKMARK [1][-]{section.3.4}{\376\377\147\054\172\340\134\017\176\323}{chapter.3}% 18
\BOOKMARK [0][-]{chapter.4}{\376\377\116\244\220\032\117\341\123\367\160\157\143\247\122\066\145\271\154\325}{}% 19
\BOOKMARK [1][-]{section.4.1}{\376\377\143\011\227\000\226\115\117\116\220\123\215\357\231\161\124\214\136\246\123\312\146\156\220\032\217\146\217\206\213\251\210\114}{chapter.4}% 20
\BOOKMARK [2][-]{subsection.4.1.1}{\376\377\226\115\117\116\220\123\215\357\231\161\124\214\136\246\166\204\166\356\166\204}{section.4.1}% 21
\BOOKMARK [2][-]{subsection.4.1.2}{\376\377\226\115\117\116\220\123\215\357\231\161\124\214\136\246\172\013\136\246\152\041\127\213\147\204\136\372}{section.4.1}% 22
\BOOKMARK [2][-]{subsection.4.1.3}{\376\377\227\142\124\021\136\224\140\045\217\146\217\206\166\204\226\115\117\116\220\123\215\357\231\161\124\214\136\246\145\271\154\325}{section.4.1}% 23
\BOOKMARK [1][-]{section.4.2}{\376\377\117\341\123\367\142\242\123\140\145\271\154\325}{chapter.4}% 24
\BOOKMARK [2][-]{subsection.4.2.1}{\376\377\227\136\117\265\121\145\137\017\117\341\123\367\142\242\123\140\145\271\154\325}{section.4.2}% 25
\BOOKMARK [2][-]{subsection.4.2.2}{\376\377\117\265\121\145\137\017\117\341\123\367\142\242\123\140\145\271\154\325}{section.4.2}% 26
\BOOKMARK [1][-]{section.4.3}{\376\377\140\142\131\015\116\244\220\032\155\101}{chapter.4}% 27
\BOOKMARK [1][-]{section.4.4}{\376\377\147\054\172\340\134\017\176\323}{chapter.4}% 28
\BOOKMARK [0][-]{chapter.5}{\376\377\127\372\116\216\000S\000U\000M\000O\136\163\123\360\166\204\133\236\232\214\213\304\117\060\116\016\122\006\147\220}{}% 29
\BOOKMARK [1][-]{section.5.1}{\376\377\133\236\232\214\166\356\166\204}{chapter.5}% 30
\BOOKMARK [1][-]{section.5.2}{\376\377\133\236\232\214\213\276\213\241}{chapter.5}% 31
\BOOKMARK [1][-]{section.5.3}{\376\377\133\236\232\214\163\257\130\203\123\312\123\302\145\160\213\276\177\156}{chapter.5}% 32
\BOOKMARK [1][-]{section.5.4}{\376\377\133\236\232\214\176\323\147\234\122\006\147\220}{chapter.5}% 33
\BOOKMARK [2][-]{subsection.5.4.1}{\376\377\136\224\140\045\217\146\217\206\220\037\136\246\136\163\172\063\140\047\122\006\147\220}{section.5.4}% 34
\BOOKMARK [2][-]{subsection.5.4.2}{\376\377\136\224\140\045\217\146\217\206\145\305\210\114\145\366\225\364\122\006\147\220}{section.5.4}% 35
\BOOKMARK [2][-]{subsection.5.4.3}{\376\377\136\224\140\045\217\146\217\206\117\030\121\110\133\371\215\357\177\121\166\204\137\161\124\315\122\006\147\220}{section.5.4}% 36
\BOOKMARK [1][-]{section.5.5}{\376\377\133\236\232\214\122\006\147\220\116\016\140\073\176\323}{chapter.5}% 37
\BOOKMARK [1][-]{section.5.6}{\376\377\147\054\172\340\134\017\176\323}{chapter.5}% 38
\BOOKMARK [0][-]{chapter.6}{\376\377\140\073\176\323\124\214\134\125\147\033}{}% 39
\BOOKMARK [1][-]{section.6.1}{\376\377\140\073\176\323}{chapter.6}% 40
\BOOKMARK [1][-]{section.6.2}{\376\377\134\125\147\033}{chapter.6}% 41
\BOOKMARK [0][-]{Item.34}{\376\377\123\302\200\003\145\207\163\056}{}% 42
\BOOKMARK [0][-]{chapter*.59}{\376\377\226\104\137\125}{}% 43
\BOOKMARK [0][-]{section*.65}{\376\377\201\364\214\042}{}% 44
\BOOKMARK [0][-]{section*.67}{\376\377\123\321\210\150\213\272\145\207\124\214\171\321\170\024\140\305\121\265}{}% 45
