mktextfm Kaiti/ICU
mktextfm Kaiti/ICU
mktextfm Kaiti/ICU
mktextfm Kaiti/ICU
mktextfm Kaiti/ICU
mktextfm Kaiti/ICU
mktexpk --mfmode / --bdpi 600 --mag 1+243/600 --dpi 843 unisong5c
mktexpk --mfmode / --bdpi 600 --mag 1+243/600 --dpi 843 unisong5c
mktexpk --mfmode / --bdpi 600 --mag 1+243/600 --dpi 843 unisong5c
mktexpk --mfmode / --bdpi 600 --mag 1+120/600 --dpi 720 unihei73
mktexpk --mfmode / --bdpi 600 --mag 1+120/600 --dpi 720 unihei73
mktexpk --mfmode / --bdpi 600 --mag 1+120/600 --dpi 720 unihei73
mktexpk --mfmode / --bdpi 600 --mag 1+243/600 --dpi 843 unisong78
mktexpk --mfmode / --bdpi 600 --mag 1+243/600 --dpi 843 unisong78
mktextfm Songti/ICU
mktextfm Songti/ICU
mktextfm Songti/ICU
mktextfm Songti/ICU
mktextfm Songti/I/ICU
mktextfm Songti/ICU
mktextfm Songti/ICU
mktextfm Songti/ICU
mktextfm Songti/ICU
mktextfm Songti/I/ICU
mktextfm Songti/ICU
mktextfm Songti/ICU
mktextfm Songti/ICU
mktextfm Songti/ICU
mktextfm Songti/I/ICU
mktextfm Songti/ICU
mktextfm Songti/ICU
mktextfm Songti/ICU
mktextfm Songti/ICU
mktextfm Songti/I/ICU
mktextfm Songti/ICU
mktextfm Songti/ICU
mktextfm Songti/ICU
mktextfm Songti/ICU
mktextfm Songti/I/ICU
mktextfm Songti/ICU
mktextfm Songti/ICU
mktextfm Songti/ICU
mktextfm Songti/ICU
mktextfm Songti/I/ICU
mktextfm Songti/ICU
mktextfm Songti/ICU
mktextfm Songti/ICU
mktextfm Songti/ICU
mktextfm Songti/I/ICU
mktextfm Songti/ICU
mktextfm Songti/ICU
mktextfm Songti/ICU
mktextfm Songti/ICU
mktextfm Songti/I/ICU
mktextfm Songti/ICU
mktextfm Songti/ICU
mktextfm Songti/ICU
mktextfm Songti/ICU
mktextfm Songti/I/ICU
mktexpk --mfmode / --bdpi 600 --mag 1+120/600 --dpi 720 unihei60
mktexpk --mfmode / --bdpi 600 --mag 1+120/600 --dpi 720 unihei60
mktexpk --mfmode / --bdpi 600 --mag 1+120/600 --dpi 720 unihei60
mktexpk --mfmode / --bdpi 600 --mag 1+120/600 --dpi 720 unihei60
mktexpk --mfmode / --bdpi 600 --mag 1+120/600 --dpi 720 unihei60
mktexpk --mfmode / --bdpi 600 --mag 1+120/600 --dpi 720 unihei60
mktexpk --mfmode / --bdpi 600 --mag 1+120/600 --dpi 720 unihei60
mktexpk --mfmode / --bdpi 600 --mag 1+120/600 --dpi 720 unihei60
mktexpk --mfmode / --bdpi 600 --mag 1+120/600 --dpi 720 unihei60
mktexpk --mfmode / --bdpi 600 --mag 1+120/600 --dpi 720 unihei60
mktexpk --mfmode / --bdpi 600 --mag 1+120/600 --dpi 720 unihei60
mktexpk --mfmode / --bdpi 600 --mag 1+120/600 --dpi 720 unihei60
mktexpk --mfmode / --bdpi 600 --mag 1+120/600 --dpi 720 unihei60
mktexpk --mfmode / --bdpi 600 --mag 1+120/600 --dpi 720 unihei60
