\BOOKMARK [0][-]{chapter.1}{绪 论}{}% 1
\BOOKMARK [1][-]{section.1.1}{研究背景}{chapter.1}% 2
\BOOKMARK [1][-]{section.1.2}{本文工作与主要贡献}{chapter.1}% 3
\BOOKMARK [1][-]{section.1.3}{组织结构}{chapter.1}% 4
\BOOKMARK [0][-]{chapter.2}{研究现状}{}% 5
\BOOKMARK [1][-]{section.2.1}{基于位置的服务发展现状}{chapter.2}% 6
\BOOKMARK [1][-]{section.2.2}{轨迹数据挖掘研究现状}{chapter.2}% 7
\BOOKMARK [2][-]{subsection.2.2.1}{轨迹数据的处理}{section.2.2}% 8
\BOOKMARK [2][-]{subsection.2.2.2}{基于轨迹数据的知识发现和推荐}{section.2.2}% 9
\BOOKMARK [1][-]{section.2.3}{本章小结}{chapter.2}% 10
\BOOKMARK [0][-]{chapter.3}{海量轨迹数据分布式处理}{}% 11
\BOOKMARK [1][-]{section.3.1}{出租车轨迹数据介绍}{chapter.3}% 12
\BOOKMARK [1][-]{section.3.2}{路网数据介绍}{chapter.3}% 13
\BOOKMARK [1][-]{section.3.3}{分布式轨迹预处理}{chapter.3}% 14
\BOOKMARK [2][-]{subsection.3.3.1}{分布式处理框架}{section.3.3}% 15
\BOOKMARK [2][-]{subsection.3.3.2}{基于规则的轨迹处理}{section.3.3}% 16
\BOOKMARK [1][-]{section.3.4}{路网匹配}{chapter.3}% 17
\BOOKMARK [2][-]{subsection.3.4.1}{相关工作}{section.3.4}% 18
\BOOKMARK [2][-]{subsection.3.4.2}{动态适应的路网匹配算法}{section.3.4}% 19
\BOOKMARK [2][-]{subsection.3.4.3}{实验结果与总结}{section.3.4}% 20
\BOOKMARK [1][-]{section.3.5}{本章小结}{chapter.3}% 21
\BOOKMARK [0][-]{chapter.4}{基于聚类的兴趣点发现}{}% 22
\BOOKMARK [1][-]{section.4.1}{预备知识}{chapter.4}% 23
\BOOKMARK [2][-]{subsection.4.1.1}{POI与ROI}{section.4.1}% 24
\BOOKMARK [2][-]{subsection.4.1.2}{基于位置的聚类算法}{section.4.1}% 25
\BOOKMARK [1][-]{section.4.2}{候选扬招POI发现}{chapter.4}% 26
\BOOKMARK [2][-]{subsection.4.2.1}{基于密度聚类的候选扬招位置点发现}{section.4.2}% 27
\BOOKMARK [2][-]{subsection.4.2.2}{实验与结果分析}{section.4.2}% 28
\BOOKMARK [1][-]{section.4.3}{热门目的地发现}{chapter.4}% 29
\BOOKMARK [1][-]{section.4.4}{本章小结}{chapter.4}% 30
\BOOKMARK [0][-]{chapter.5}{基于出租车轨迹的位置推荐}{}% 31
\BOOKMARK [1][-]{section.5.1}{出租车扬招点推荐系统}{chapter.5}% 32
\BOOKMARK [2][-]{subsection.5.1.1}{系统框架}{section.5.1}% 33
\BOOKMARK [2][-]{subsection.5.1.2}{特征抽取}{section.5.1}% 34
\BOOKMARK [2][-]{subsection.5.1.3}{路段聚类}{section.5.1}% 35
\BOOKMARK [1][-]{section.5.2}{候车时间预测与查询}{chapter.5}% 36
\BOOKMARK [2][-]{subsection.5.2.1}{候车时间预测模型建立}{section.5.2}% 37
\BOOKMARK [2][-]{subsection.5.2.2}{模型评估与选择}{section.5.2}% 38
\BOOKMARK [2][-]{subsection.5.2.3}{候选扬招点查询}{section.5.2}% 39
\BOOKMARK [1][-]{section.5.3}{实验及原型系统}{chapter.5}% 40
\BOOKMARK [2][-]{subsection.5.3.1}{实验与分析}{section.5.3}% 41
\BOOKMARK [2][-]{subsection.5.3.2}{扬招点位置推荐原型系统}{section.5.3}% 42
\BOOKMARK [1][-]{section.5.4}{本章小结}{chapter.5}% 43
\BOOKMARK [0][-]{chapter.6}{总结与展望}{}% 44
\BOOKMARK [0][-]{appendix.A}{TaxiHailer系统展示}{}% 45
\BOOKMARK [0][-]{appendix.A}{参考文献}{}% 46
\BOOKMARK [0][-]{section*.33}{致谢}{}% 47
\BOOKMARK [0][-]{section*.35}{发表论文和科研情况}{}% 48
